<?xml version="1.0" encoding="UTF-8"?>
<testsuite xmlns:xsi="http://www.w3.org/2001/XMLSchema-instance" xsi:noNamespaceSchemaLocation="https://maven.apache.org/surefire/maven-surefire-plugin/xsd/surefire-test-report.xsd" name="programmer.zaman.now.test.ConditionTest" time="0.001" tests="13" errors="0" skipped="6" failures="0">
  <properties>
[...]
</properties>
  <testcase name="testRunWindows" classname="programmer.zaman.now.test.ConditionTest" time="0"/>
  <testcase name="testSystemProperties" classname="programmer.zaman.now.test.ConditionTest" time="0">
    <skipped message="void programmer.zaman.now.test.ConditionTest.testSystemProperties() is @Disabled"/>
  </testcase>
  <testcase name="testDisabledOnAzulInc" classname="programmer.zaman.now.test.ConditionTest" time="0">
    <skipped message="System property [java.vendor] with value [Azul Systems, Inc.] matches regular expression [Azul Systems, Inc.]"/>
  </testcase>
  <testcase name="testEnabledOnProfileDev" classname="programmer.zaman.now.test.ConditionTest" time="0">
    <skipped message="System property [PROFILE] does not exist"/>
  </testcase>
  <testcase name="testEnabledOnjre" classname="programmer.zaman.now.test.ConditionTest" time="0"/>
  <testcase name="testDisabledForJreRange" classname="programmer.zaman.now.test.ConditionTest" time="0">
    <skipped message="Disabled on JRE version: 17.0.6"/>
  </testcase>
  <testcase name="testEnabledForJreRange" classname="programmer.zaman.now.test.ConditionTest" time="0"/>
  <testcase name="disabledOnOracle" classname="programmer.zaman.now.test.ConditionTest" time="0"/>
  <testcase name="enabledOnOracle" classname="programmer.zaman.now.test.ConditionTest" time="0">
    <skipped message="System property [java.vendor] with value [Azul Systems, Inc.] does not match regular expression [Oracle Corporation]"/>
  </testcase>
  <testcase name="testEnabledOnAzulInc" classname="programmer.zaman.now.test.ConditionTest" time="0"/>
  <testcase name="testDisabledOnJre" classname="programmer.zaman.now.test.ConditionTest" time="0"/>
  <testcase name="testDisableWindows" classname="programmer.zaman.now.test.ConditionTest" time="0">
    <skipped message="Disabled on operating system: Windows 11"/>
  </testcase>
  <testcase name="testDisabledOnProfileDev" classname="programmer.zaman.now.test.ConditionTest" time="0"/>
</testsuite>